

================================================================
== Vivado HLS Report for 'poly'
================================================================
* Date:           Mon Mar 23 19:32:23 2015

* Version:        2013.4 (build date: Mon Dec 09 17:07:59 PM 2013)
* Project:        poly_proj
* Solution:       solution_poly
* Product family: virtex7 virtex7_fpv6 
* Target device:  xc7v585tffg1761-2


================================================================
== Performance Estimates
================================================================
+ Timing (ns): 
    * Summary: 
    +---------+-------+----------+------------+
    |  Clock  | Target| Estimated| Uncertainty|
    +---------+-------+----------+------------+
    |default  |  10.00|      7.67|        1.25|
    +---------+-------+----------+------------+

+ Latency (clock cycles): 
    * Summary: 
    +-----+-----+-----+-----+---------+
    |  Latency  |  Interval | Pipeline|
    | min | max | min | max |   Type  |
    +-----+-----+-----+-----+---------+
    |    0|    0|    1|    1|   none  |
    +-----+-----+-----+-----+---------+

    + Detail: 
        * Instance: 
        N/A

        * Loop: 
        N/A



================================================================
== Utilization Estimates
================================================================
* Summary: 
+-----------------+---------+-------+--------+--------+
|       Name      | BRAM_18K| DSP48E|   FF   |   LUT  |
+-----------------+---------+-------+--------+--------+
|Expression       |        -|      1|       0|      32|
|FIFO             |        -|      -|       -|       -|
|Instance         |        -|      -|       -|       -|
|Memory           |        -|      -|       -|       -|
|Multiplexer      |        -|      -|       -|       -|
|Register         |        -|      -|       -|       -|
|ShiftMemory      |        -|      -|       -|       -|
+-----------------+---------+-------+--------+--------+
|Total            |        0|      1|       0|      32|
+-----------------+---------+-------+--------+--------+
|Available        |     1590|   1260|  728400|  364200|
+-----------------+---------+-------+--------+--------+
|Utilization (%)  |        0|   ~0  |       0|   ~0   |
+-----------------+---------+-------+--------+--------+

+ Detail: 
    * Instance: 
    N/A

    * Memory: 
    N/A

    * FIFO: 
    N/A

    * Shift register: 
    N/A

    * Expression: 
    +----------------+----------+-------+---+----+------------+------------+
    |  Variable Name | Operation| DSP48E| FF| LUT| Bitwidth P0| Bitwidth P1|
    +----------------+----------+-------+---+----+------------+------------+
    |tmp1_fu_50_p2   |     *    |      1|  0|   0|          16|          16|
    |tmp1_fu_50_p0   |     +    |      0|  0|  16|          16|           2|
    |tmp_1_fu_38_p2  |     -    |      0|  0|  16|          16|          16|
    +----------------+----------+-------+---+----+------------+------------+
    |Total           |          |      1|  0|  32|          48|          34|
    +----------------+----------+-------+---+----+------------+------------+

    * Multiplexer: 
    N/A

    * Register: 
    N/A



================================================================
== Interface
================================================================
* Summary: 
+----------+-----+-----+------------+--------------+--------------+
| RTL Ports| Dir | Bits|  Protocol  | Source Object|    C Type    |
+----------+-----+-----+------------+--------------+--------------+
|ap_start  |  in |    1| ap_ctrl_hs |     poly     | return value |
|ap_done   | out |    1| ap_ctrl_hs |     poly     | return value |
|ap_idle   | out |    1| ap_ctrl_hs |     poly     | return value |
|ap_ready  | out |    1| ap_ctrl_hs |     poly     | return value |
|x         |  in |   16|   ap_none  |       x      |    scalar    |
|y         | out |   16|   ap_vld   |       y      |    pointer   |
|y_ap_vld  | out |    1|   ap_vld   |       y      |    pointer   |
+----------+-----+-----+------------+--------------+--------------+

============================================================
+ Verbose Summary: Synthesis Manager
============================================================
InlineROM: 1
ExposeGlobal: 0
============================================================
+ Verbose Summary: CDFG Model
============================================================
IsTopModel: 1
ResetActiveHigh: 1
IsCombinational: 1
IsDatapathOnly: 2
HasWiredReturn: 1
HasMFsm: 0
HasVarLatency: 0
IsPipeline: 0
IsRtlPipelined: 0
IsInstanceOverlapped: 0
IsDontTouch: 0
HasImplIP: 0
IsGatedGlobalClock: 0


============================================================
+ Verbose Summary: Schedule
============================================================
* Number of FSM states: 1
* Pipeline: 0
* Dataflow Pipeline: 0

* FSM state transitions: 
1 --> 
* FSM state operations: 

 <State 1>: 7.67ns
ST_1: stg_2 [1/1] 0.00ns
:0  call void (...)* @_ssdm_op_SpecBitsMap(i16 %x) nounwind, !map !0

ST_1: stg_3 [1/1] 0.00ns
:1  call void (...)* @_ssdm_op_SpecBitsMap(i16* %y) nounwind, !map !6

ST_1: stg_4 [1/1] 0.00ns
:2  call void (...)* @_ssdm_op_SpecTopModule([5 x i8]* @str) nounwind

ST_1: x_read [1/1] 0.00ns
:3  %x_read = call i16 @_ssdm_op_Read.ap_auto.i16(i16 %x) nounwind

ST_1: tmp_3 [1/1] 0.00ns
:4  %tmp_3 = shl i16 %x_read, 2

ST_1: tmp_1 [1/1] 1.39ns
:5  %tmp_1 = sub i16 %tmp_3, %x_read

ST_1: tmp [1/1] 1.39ns
:6  %tmp = add i16 %tmp_1, 2

ST_1: tmp1 [1/1] 2.39ns
:7  %tmp1 = mul i16 %tmp, %x_read

ST_1: tmp_2 [1/1] 2.50ns
:8  %tmp_2 = add i16 %tmp1, 1

ST_1: stg_11 [1/1] 0.00ns
:9  call void @_ssdm_op_Write.ap_auto.i16P(i16* %y, i16 %tmp_2) nounwind

ST_1: stg_12 [1/1] 0.00ns
:10  ret void



============================================================
+ Verbose Summary: Binding
============================================================
STG Binding: 
---------------- STG Properties BEGIN ----------------
- Is combinational: 1
- Is one-state seq: 0
- Is datapath-only: 0
- Is clock enabled: 0
- Is pipelined: 0
- Is top level: 1
Port [ Return ] is wired: 1; IO mode=ap_ctrl_hs:ce=0
Port [ x]:  wired=1; compound=0; hidden=0; nouse=0; global=0; static=0; extern=0; dir=0; type=0; mode=0x293e560; pingpong=0; private_global=0; IO mode=ap_none:ce=0
Port [ y]:  wired=1; compound=0; hidden=0; nouse=0; global=0; static=0; extern=0; dir=1; type=0; mode=0x2a66740; pingpong=0; private_global=0; IO mode=ap_vld:ce=0
---------------- STG Properties END ------------------

---------------- Datapath Model BEGIN ----------------

<LifeTime>
<method=bitvector/>
stg_2  (specbitsmap  ) [ 00]
stg_3  (specbitsmap  ) [ 00]
stg_4  (spectopmodule) [ 00]
x_read (read         ) [ 00]
tmp_3  (shl          ) [ 00]
tmp_1  (sub          ) [ 00]
tmp    (add          ) [ 00]
tmp1   (mul          ) [ 00]
tmp_2  (add          ) [ 00]
stg_11 (write        ) [ 00]
stg_12 (ret          ) [ 00]
</LifeTime>

<model>

<comp_list>
<comp id="0" class="1000" name="x">
<pin_list>
<pin id="1" dir="1" index="0" bw="1" slack="0"/>
</pin_list>
<bind>
<StgValue><ssdm name="x"/></StgValue>
</bind>
</comp>

<comp id="2" class="1000" name="y">
<pin_list>
<pin id="3" dir="1" index="0" bw="1" slack="0"/>
</pin_list>
<bind>
<StgValue><ssdm name="y"/></StgValue>
</bind>
</comp>

<comp id="4" class="1001" name="const_4">
<pin_list>
<pin id="5" dir="1" index="0" bw="1" slack="2147483647"/>
</pin_list>
<bind>
<StgValue><ssdm name="_ssdm_op_SpecBitsMap"/></StgValue>
</bind>
</comp>

<comp id="6" class="1001" name="const_6">
<pin_list>
<pin id="7" dir="1" index="0" bw="1" slack="2147483647"/>
</pin_list>
<bind>
<StgValue><ssdm name="_ssdm_op_SpecTopModule"/></StgValue>
</bind>
</comp>

<comp id="8" class="1001" name="const_8">
<pin_list>
<pin id="9" dir="1" index="0" bw="1" slack="2147483647"/>
</pin_list>
<bind>
<StgValue><ssdm name="str"/></StgValue>
</bind>
</comp>

<comp id="10" class="1001" name="const_10">
<pin_list>
<pin id="11" dir="1" index="0" bw="1" slack="0"/>
</pin_list>
<bind>
<StgValue><ssdm name="_ssdm_op_Read.ap_auto.i16"/></StgValue>
</bind>
</comp>

<comp id="12" class="1001" name="const_12">
<pin_list>
<pin id="13" dir="1" index="0" bw="1" slack="0"/>
</pin_list>
<bind>
<StgValue><ssdm name=""/></StgValue>
</bind>
</comp>

<comp id="14" class="1001" name="const_14">
<pin_list>
<pin id="15" dir="1" index="0" bw="1" slack="0"/>
</pin_list>
<bind>
<StgValue><ssdm name=""/></StgValue>
</bind>
</comp>

<comp id="16" class="1001" name="const_16">
<pin_list>
<pin id="17" dir="1" index="0" bw="1" slack="0"/>
</pin_list>
<bind>
<StgValue><ssdm name="_ssdm_op_Write.ap_auto.i16P"/></StgValue>
</bind>
</comp>

<comp id="18" class="1004" name="x_read_read_fu_18">
<pin_list>
<pin id="19" dir="0" index="0" bw="16" slack="0"/>
<pin id="20" dir="0" index="1" bw="16" slack="0"/>
<pin id="21" dir="1" index="2" bw="16" slack="0"/>
</pin_list>
<bind>
<opcode="read(1150) " fcode="read"/>
<opset="x_read/1 "/>
</bind>
</comp>

<comp id="24" class="1004" name="stg_11_write_fu_24">
<pin_list>
<pin id="25" dir="0" index="0" bw="0" slack="0"/>
<pin id="26" dir="0" index="1" bw="16" slack="0"/>
<pin id="27" dir="0" index="2" bw="16" slack="0"/>
<pin id="28" dir="1" index="3" bw="0" slack="2147483647"/>
</pin_list>
<bind>
<opcode="write(1151) " fcode="write"/>
<opset="stg_11/1 "/>
</bind>
</comp>

<comp id="32" class="1004" name="tmp_3_fu_32">
<pin_list>
<pin id="33" dir="0" index="0" bw="16" slack="0"/>
<pin id="34" dir="0" index="1" bw="3" slack="0"/>
<pin id="35" dir="1" index="2" bw="16" slack="0"/>
</pin_list>
<bind>
<opcode="shl(20) " fcode="shl"/>
<opset="tmp_3/1 "/>
</bind>
</comp>

<comp id="38" class="1004" name="tmp_1_fu_38">
<pin_list>
<pin id="39" dir="0" index="0" bw="16" slack="0"/>
<pin id="40" dir="0" index="1" bw="16" slack="0"/>
<pin id="41" dir="1" index="2" bw="16" slack="0"/>
</pin_list>
<bind>
<opcode="sub(10) " fcode="sub"/>
<opset="tmp_1/1 "/>
</bind>
</comp>

<comp id="44" class="1004" name="tmp_fu_44">
<pin_list>
<pin id="45" dir="0" index="0" bw="16" slack="0"/>
<pin id="46" dir="0" index="1" bw="3" slack="0"/>
<pin id="47" dir="1" index="2" bw="16" slack="0"/>
</pin_list>
<bind>
<opcode="add(8) " fcode="add"/>
<opset="tmp/1 "/>
</bind>
</comp>

<comp id="50" class="1004" name="tmp1_fu_50">
<pin_list>
<pin id="51" dir="0" index="0" bw="16" slack="0"/>
<pin id="52" dir="0" index="1" bw="16" slack="0"/>
<pin id="53" dir="1" index="2" bw="16" slack="0"/>
</pin_list>
<bind>
<opcode="mul(12) " fcode="mul"/>
<opset="tmp1/1 "/>
</bind>
</comp>

<comp id="56" class="1004" name="tmp_2_fu_56">
<pin_list>
<pin id="57" dir="0" index="0" bw="16" slack="0"/>
<pin id="58" dir="0" index="1" bw="1" slack="0"/>
<pin id="59" dir="1" index="2" bw="16" slack="0"/>
</pin_list>
<bind>
<opcode="add(8) " fcode="add"/>
<opset="tmp_2/1 "/>
</bind>
</comp>

</comp_list>

<net_list>
<net id="22"><net_src comp="10" pin="0"/><net_sink comp="18" pin=0"/></net>

<net id="23"><net_src comp="0" pin="0"/><net_sink comp="18" pin=1"/></net>

<net id="29"><net_src comp="16" pin="0"/><net_sink comp="24" pin=0"/></net>

<net id="30"><net_src comp="2" pin="0"/><net_sink comp="24" pin=1"/></net>

<net id="36"><net_src comp="18" pin="2"/><net_sink comp="32" pin=0"/></net>

<net id="37"><net_src comp="12" pin="0"/><net_sink comp="32" pin=1"/></net>

<net id="42"><net_src comp="32" pin="2"/><net_sink comp="38" pin=0"/></net>

<net id="43"><net_src comp="18" pin="2"/><net_sink comp="38" pin=1"/></net>

<net id="48"><net_src comp="38" pin="2"/><net_sink comp="44" pin=0"/></net>

<net id="49"><net_src comp="12" pin="0"/><net_sink comp="44" pin=1"/></net>

<net id="54"><net_src comp="44" pin="2"/><net_sink comp="50" pin=0"/></net>

<net id="55"><net_src comp="18" pin="2"/><net_sink comp="50" pin=1"/></net>

<net id="60"><net_src comp="50" pin="2"/><net_sink comp="56" pin=0"/></net>

<net id="61"><net_src comp="14" pin="0"/><net_sink comp="56" pin=1"/></net>

<net id="62"><net_src comp="56" pin="2"/><net_sink comp="24" pin=2"/></net>

</net_list>

</model> 
---------------- Datapath Model END ------------------

* FSMD analyzer results:
  - Output states:
	Port: y | {1 }
  - Chain level:
	State 1
		tmp : 1
		tmp1 : 2
		tmp_2 : 3
		stg_11 : 4


============================================================
+ Verbose Summary: Datapath Resource usage 
============================================================

* Functional unit list:
|----------|--------------------|---------|---------|
| Operation|   Functional Unit  |    FF   |   LUT   |
|----------|--------------------|---------|---------|
|    sub   |     tmp_1_fu_38    |    0    |    16   |
|----------|--------------------|---------|---------|
|    add   |      tmp_fu_44     |    0    |    16   |
|          |     tmp_2_fu_56    |    0    |    0    |
|----------|--------------------|---------|---------|
|   read   |  x_read_read_fu_18 |    0    |    0    |
|----------|--------------------|---------|---------|
|   write  | stg_11_write_fu_24 |    0    |    0    |
|----------|--------------------|---------|---------|
|    shl   |     tmp_3_fu_32    |    0    |    0    |
|----------|--------------------|---------|---------|
|    mul   |     tmp1_fu_50     |    0    |    0    |
|----------|--------------------|---------|---------|
|   Total  |                    |    0    |    32   |
|----------|--------------------|---------|---------|

Memories:
N/A

* Register list:
N/A

* Multiplexer (MUX) list: 
|--------|------|------|------|--------|
|  Comp  |  Pin | Size |  BW  | S x BW |
|--------|------|------|------|--------|
|  Total |      |      |      |    0   |
|--------|------|------|------|--------|



* Summary:
+-----------+--------+--------+
|           |   FF   |   LUT  |
+-----------+--------+--------+
|  Function |    0   |   32   |
|   Memory  |    -   |    -   |
|Multiplexer|    -   |    -   |
|  Register |    -   |    -   |
+-----------+--------+--------+
|   Total   |    0   |   32   |
+-----------+--------+--------+
