result is 209pass....
Reading pref.tcl 

# 10.2c

# do cosim.modelsim.scr 
# 
#     set fl [open ".exit.err" w]
#     puts $fl "Elaboration errors in executing modelsim simulator"
#     close $fl
#     quit
# 
# /clibs
# lin64
# 1
# /clibs/questa/10.2c/lin64/lib
WARNING: There is no IP libs for this version of ModelSim. If you may use cosim with IP, please make sure the IP libs have been pre-compiled.
# Copying /opt/Mentor/modeltech/linux/../modelsim.ini to modelsim.ini
# Modifying modelsim.ini
# ** Warning: Copied /opt/Mentor/modeltech/linux/../modelsim.ini to modelsim.ini.
#          Updated modelsim.ini.
# Model Technology ModelSim SE vlog 10.2c Compiler 2013.07 Jul 18 2013
# -- Compiling module apatb_poly_top
# 
# Top level modules:
# 	apatb_poly_top
# Model Technology ModelSim SE vlog 10.2c Compiler 2013.07 Jul 18 2013
# -- Compiling module poly_mul_32s_32s_32_3_Mul3S_0
# -- Compiling module poly_mul_32s_32s_32_3
# 
# Top level modules:
# 	poly_mul_32s_32s_32_3
# Model Technology ModelSim SE vlog 10.2c Compiler 2013.07 Jul 18 2013
# -- Compiling module poly
# 
# Top level modules:
# 	poly
# vsim -L work -suppress 6630 -t 10ps -wlf poly.wlf -novopt apatb_poly_top 
# //  ModelSim SE 10.2c Jul 18 2013 Linux 3.2.0-29-generic
# //
# //  Copyright 1991-2013 Mentor Graphics Corporation
# //  All Rights Reserved.
# //
# //  THIS WORK CONTAINS TRADE SECRET AND PROPRIETARY INFORMATION
# //  WHICH IS THE PROPERTY OF MENTOR GRAPHICS CORPORATION OR ITS
# //  LICENSORS AND IS SUBJECT TO LICENSE TERMS.
# //
# Refreshing /home/harri001/Lab1_32bits/poly_proj/solution_poly/sim/verilog/work.apatb_poly_top
# Loading work.apatb_poly_top
# Refreshing /home/harri001/Lab1_32bits/poly_proj/solution_poly/sim/verilog/work.poly
# Loading work.poly
# Refreshing /home/harri001/Lab1_32bits/poly_proj/solution_poly/sim/verilog/work.poly_mul_32s_32s_32_3
# Loading work.poly_mul_32s_32s_32_3
# Refreshing /home/harri001/Lab1_32bits/poly_proj/solution_poly/sim/verilog/work.poly_mul_32s_32s_32_3_Mul3S_0
# Loading work.poly_mul_32s_32s_32_3_Mul3S_0
# 1
# ** Note: $finish    : poly.autotb.v(273)
#    Time: 195400 ps  Iteration: 0  Instance: /apatb_poly_top
result is 209pass....
